<?xml version="1.0" encoding="UTF-8"?>
<!-- Generated by org.testng.reporters.JUnitXMLReporter -->
<testsuite hostname="DESKTOP-1RBJ5DQ" ignored="0" name="Test" tests="2" failures="1" timestamp="05 Dec 2020 22:44:48 GMT" time="17.503" errors="0">
  <testcase name="testVerifyTitle" time="0.022" classname="com.qa.acti.Tests.TestLoginPage">
    <failure type="java.lang.AssertionError" message="expected [actiTIME - Login123] but found [actiTIME - Login]">
      <![CDATA[java.lang.AssertionError: expected [actiTIME - Login123] but found [actiTIME - Login]
at com.qa.acti.Tests.TestLoginPage.testVerifyTitle(TestLoginPage.java:21)
... Removed 31 stack frames]]>
    </failure>
  </testcase> <!-- testVerifyTitle -->
  <testcase name="testVerifyActilogo" time="0.066" classname="com.qa.acti.Tests.TestLoginPage"/>
</testsuite> <!-- Test -->
